[0.014s] Invoking command in '/home/letizia/urdf_ws/src/robot_description/build/robot_description': CMAKE_PREFIX_PATH=${CMAKE_PREFIX_PATH}:/opt/ros/humble /usr/bin/cmake /home/letizia/urdf_ws/src/robot_description -DCMAKE_INSTALL_PREFIX=/home/letizia/urdf_ws/src/robot_description/install/robot_description
[0.084s] -- The C compiler identification is GNU 11.4.0
[0.164s] -- The CXX compiler identification is GNU 11.4.0
[0.175s] -- Detecting C compiler ABI info
[0.265s] -- Detecting C compiler ABI info - done
[0.276s] -- Check for working C compiler: /usr/bin/cc - skipped
[0.277s] -- Detecting C compile features
[0.278s] -- Detecting C compile features - done
[0.282s] -- Detecting CXX compiler ABI info
[0.397s] -- Detecting CXX compiler ABI info - done
[0.411s] -- Check for working CXX compiler: /usr/bin/c++ - skipped
[0.411s] -- Detecting CXX compile features
[0.413s] -- Detecting CXX compile features - done
[0.418s] -- Found ament_cmake: 1.3.13 (/opt/ros/humble/share/ament_cmake/cmake)
[1.024s] -- Found Python3: /usr/bin/python3 (found version "3.10.12") found components: Interpreter 
[1.165s] -- Found robot_state_publisher: 3.0.3 (/opt/ros/humble/share/robot_state_publisher/cmake)
[1.215s] -- Found rosidl_generator_c: 3.1.8 (/opt/ros/humble/share/rosidl_generator_c/cmake)
[1.222s] -- Found rosidl_adapter: 3.1.8 (/opt/ros/humble/share/rosidl_adapter/cmake)
[1.234s] -- Found rosidl_generator_cpp: 3.1.8 (/opt/ros/humble/share/rosidl_generator_cpp/cmake)
[1.254s] -- Using all available rosidl_typesupport_c: rosidl_typesupport_fastrtps_c;rosidl_typesupport_introspection_c
[1.277s] -- Using all available rosidl_typesupport_cpp: rosidl_typesupport_fastrtps_cpp;rosidl_typesupport_introspection_cpp
[1.361s] -- Found eigen3_cmake_module: 0.1.1 (/opt/ros/humble/share/eigen3_cmake_module/cmake)
[1.363s] -- Found Eigen3: TRUE (found version "3.4.0") 
[1.363s] -- Ensuring Eigen3 include directory is part of orocos-kdl CMake target
[1.424s] -- Found rmw_implementation_cmake: 6.1.2 (/opt/ros/humble/share/rmw_implementation_cmake/cmake)
[1.428s] -- Found rmw_fastrtps_cpp: 6.2.10 (/opt/ros/humble/share/rmw_fastrtps_cpp/cmake)
[1.538s] -- Found OpenSSL: /usr/lib/x86_64-linux-gnu/libcrypto.so (found version "3.0.2")  
[1.573s] -- Found FastRTPS: /opt/ros/humble/include  
[1.627s] -- Using RMW implementation 'rmw_fastrtps_cpp' as default
[1.639s] -- Looking for pthread.h
[1.732s] -- Looking for pthread.h - found
[1.732s] -- Performing Test CMAKE_HAVE_LIBC_PTHREAD
[1.832s] -- Performing Test CMAKE_HAVE_LIBC_PTHREAD - Success
[1.833s] -- Found Threads: TRUE  
[2.111s] -- Found ament_lint_auto: 0.12.15 (/opt/ros/humble/share/ament_lint_auto/cmake)
[2.232s] -- Added test 'cppcheck' to perform static code analysis on C / C++ code
[2.232s] -- Configured cppcheck include dirs: 
[2.232s] -- Configured cppcheck exclude dirs and/or files: 
[2.234s] -- Added test 'flake8' to check Python code syntax and style conventions
[2.237s] -- Added test 'lint_cmake' to check CMake code style
[2.239s] -- Added test 'pep257' to check Python code against some of the docstring style conventions in PEP 257
[2.249s] -- Added test 'uncrustify' to check C / C++ code style
[2.249s] -- Configured uncrustify additional arguments: 
[2.251s] -- Added test 'xmllint' to check XML markup files
[2.253s] -- Configuring done
[2.260s] -- Generating done
[2.264s] -- Build files have been written to: /home/letizia/urdf_ws/src/robot_description/build/robot_description
[2.276s] Invoked command in '/home/letizia/urdf_ws/src/robot_description/build/robot_description' returned '0': CMAKE_PREFIX_PATH=${CMAKE_PREFIX_PATH}:/opt/ros/humble /usr/bin/cmake /home/letizia/urdf_ws/src/robot_description -DCMAKE_INSTALL_PREFIX=/home/letizia/urdf_ws/src/robot_description/install/robot_description
[2.279s] Invoking command in '/home/letizia/urdf_ws/src/robot_description/build/robot_description': CMAKE_PREFIX_PATH=${CMAKE_PREFIX_PATH}:/opt/ros/humble /usr/bin/cmake --build /home/letizia/urdf_ws/src/robot_description/build/robot_description -- -j4 -l4
[2.332s] Invoked command in '/home/letizia/urdf_ws/src/robot_description/build/robot_description' returned '0': CMAKE_PREFIX_PATH=${CMAKE_PREFIX_PATH}:/opt/ros/humble /usr/bin/cmake --build /home/letizia/urdf_ws/src/robot_description/build/robot_description -- -j4 -l4
[2.344s] Invoking command in '/home/letizia/urdf_ws/src/robot_description/build/robot_description': CMAKE_PREFIX_PATH=${CMAKE_PREFIX_PATH}:/opt/ros/humble /usr/bin/cmake --install /home/letizia/urdf_ws/src/robot_description/build/robot_description
[2.354s] -- Install configuration: ""
[2.355s] -- Installing: /home/letizia/urdf_ws/src/robot_description/install/robot_description/share/robot_description/launch
[2.355s] -- Installing: /home/letizia/urdf_ws/src/robot_description/install/robot_description/share/robot_description/launch/display.launch.py
[2.355s] -- Installing: /home/letizia/urdf_ws/src/robot_description/install/robot_description/share/robot_description/urdf
[2.355s] -- Installing: /home/letizia/urdf_ws/src/robot_description/install/robot_description/share/robot_description/urdf/robot.urdf
[2.355s] -- Installing: /home/letizia/urdf_ws/src/robot_description/install/robot_description/share/ament_index/resource_index/package_run_dependencies/robot_description
[2.356s] -- Installing: /home/letizia/urdf_ws/src/robot_description/install/robot_description/share/ament_index/resource_index/parent_prefix_path/robot_description
[2.356s] -- Installing: /home/letizia/urdf_ws/src/robot_description/install/robot_description/share/robot_description/environment/ament_prefix_path.sh
[2.356s] -- Installing: /home/letizia/urdf_ws/src/robot_description/install/robot_description/share/robot_description/environment/ament_prefix_path.dsv
[2.356s] -- Installing: /home/letizia/urdf_ws/src/robot_description/install/robot_description/share/robot_description/environment/path.sh
[2.356s] -- Installing: /home/letizia/urdf_ws/src/robot_description/install/robot_description/share/robot_description/environment/path.dsv
[2.357s] -- Installing: /home/letizia/urdf_ws/src/robot_description/install/robot_description/share/robot_description/local_setup.bash
[2.357s] -- Installing: /home/letizia/urdf_ws/src/robot_description/install/robot_description/share/robot_description/local_setup.sh
[2.357s] -- Installing: /home/letizia/urdf_ws/src/robot_description/install/robot_description/share/robot_description/local_setup.zsh
[2.357s] -- Installing: /home/letizia/urdf_ws/src/robot_description/install/robot_description/share/robot_description/local_setup.dsv
[2.357s] -- Installing: /home/letizia/urdf_ws/src/robot_description/install/robot_description/share/robot_description/package.dsv
[2.358s] -- Installing: /home/letizia/urdf_ws/src/robot_description/install/robot_description/share/ament_index/resource_index/packages/robot_description
[2.358s] -- Installing: /home/letizia/urdf_ws/src/robot_description/install/robot_description/share/robot_description/cmake/robot_descriptionConfig.cmake
[2.358s] -- Installing: /home/letizia/urdf_ws/src/robot_description/install/robot_description/share/robot_description/cmake/robot_descriptionConfig-version.cmake
[2.358s] -- Installing: /home/letizia/urdf_ws/src/robot_description/install/robot_description/share/robot_description/package.xml
[2.361s] Invoked command in '/home/letizia/urdf_ws/src/robot_description/build/robot_description' returned '0': CMAKE_PREFIX_PATH=${CMAKE_PREFIX_PATH}:/opt/ros/humble /usr/bin/cmake --install /home/letizia/urdf_ws/src/robot_description/build/robot_description
